This is pdfTeX, Version 3.14159265-2.6-1.40.19 (TeX Live 2019/dev/Debian) (preloaded format=pdflatex 2020.10.10)  22 OCT 2020 17:16
entering extended mode
 restricted \write18 enabled.
 %&-line parsing enabled.
**Dokumentation_Teamprojekt.tex
(./Dokumentation_Teamprojekt.tex
LaTeX2e <2018-12-01>
(/usr/share/texlive/texmf-dist/tex/latex/koma-script/scrreprt.cls
Document Class: scrreprt 2019/02/01 v3.26b KOMA-Script document class (report)
(/usr/share/texlive/texmf-dist/tex/latex/koma-script/scrkbase.sty
Package: scrkbase 2019/02/01 v3.26b KOMA-Script package (KOMA-Script-dependent 
basics and keyval usage)

(/usr/share/texlive/texmf-dist/tex/latex/koma-script/scrbase.sty
Package: scrbase 2019/02/01 v3.26b KOMA-Script package (KOMA-Script-independent
 basics and keyval usage)

(/usr/share/texlive/texmf-dist/tex/latex/graphics/keyval.sty
Package: keyval 2014/10/28 v1.15 key=value parser (DPC)
\KV@toks@=\toks14
)
(/usr/share/texlive/texmf-dist/tex/latex/koma-script/scrlfile.sty
Package: scrlfile 2019/02/01 v3.26b KOMA-Script package (loading files)
)))
(/usr/share/texlive/texmf-dist/tex/latex/koma-script/tocbasic.sty
Package: tocbasic 2019/02/01 v3.26b KOMA-Script package (handling toc-files)
\scr@dte@tocline@numberwidth=\skip41
\scr@dte@tocline@numbox=\box27
)
Package tocbasic Info: omitting babel extension for `toc'
(tocbasic)             because of feature `nobabel' available
(tocbasic)             for `toc' on input line 136.
Package scrreprt Info: You've used standard option `11pt'.
(scrreprt)             This is correct!
(scrreprt)             Internally I'm using `fontsize=11pt'.
(scrreprt)             If you'd like to set the option with \KOMAoptions,
(scrreprt)             you'd have to use `fontsize=11pt' there
(scrreprt)             instead of `11pt', too.
Class scrreprt Info: File `scrsize11pt.clo' used to setup font sizes on input l
ine 2373.

(/usr/share/texlive/texmf-dist/tex/latex/koma-script/scrsize11pt.clo
File: scrsize11pt.clo 2019/02/01 v3.26b KOMA-Script font size class option (11p
t)
)
(/usr/share/texlive/texmf-dist/tex/latex/koma-script/typearea.sty
Package: typearea 2019/02/01 v3.26b KOMA-Script package (type area)
\ta@bcor=\skip42
\ta@div=\count80
Package typearea Info: You've used standard option `a4paper'.
(typearea)             This is correct!
(typearea)             Internally I'm using `paper=a4'.
(typearea)             If you'd like to set the option with \KOMAoptions,
(typearea)             you'd have to use `paper=a4' there
(typearea)             instead of `a4paper', too.
\ta@hblk=\skip43
\ta@vblk=\skip44
\ta@temp=\skip45
\footheight=\skip46
Package typearea Info: These are the values describing the layout:
(typearea)             DIV  = 10
(typearea)             BCOR = 0.0pt
(typearea)             \paperwidth      = 597.50793pt
(typearea)              \textwidth      = 418.25555pt
(typearea)              DIV departure   = -6%
(typearea)              \evensidemargin = 17.3562pt
(typearea)              \oddsidemargin  = 17.3562pt
(typearea)             \paperheight     = 845.04694pt
(typearea)              \textheight     = 595.80026pt
(typearea)              \topmargin      = -25.16531pt
(typearea)              \headheight     = 17.0pt
(typearea)              \headsep        = 20.40001pt
(typearea)              \topskip        = 11.0pt
(typearea)              \footskip       = 47.6pt
(typearea)              \baselineskip   = 13.6pt
(typearea)              on input line 1715.
)
\c@part=\count81
\c@chapter=\count82
\c@section=\count83
\c@subsection=\count84
\c@subsubsection=\count85
\c@paragraph=\count86
\c@subparagraph=\count87
\scr@dte@chapter@maxnumwidth=\skip47
Class scrreprt Info: using compatibility default `afterindent=bysign'
(scrreprt)           for `\chapter on input line 5305.
\scr@dte@section@maxnumwidth=\skip48
Class scrreprt Info: using compatibility default `runin=bysign'
(scrreprt)           for `\section on input line 5315.
Class scrreprt Info: using compatibility default `afterindent=bysign'
(scrreprt)           for `\section on input line 5315.
\scr@dte@part@maxnumwidth=\skip49
Class scrreprt Info: using compatibility default `afterindent=true'
(scrreprt)           for `\part on input line 5324.
\scr@dte@subsection@maxnumwidth=\skip50
Class scrreprt Info: using compatibility default `runin=bysign'
(scrreprt)           for `\subsection on input line 5334.
Class scrreprt Info: using compatibility default `afterindent=bysign'
(scrreprt)           for `\subsection on input line 5334.
\scr@dte@subsubsection@maxnumwidth=\skip51
Class scrreprt Info: using compatibility default `runin=bysign'
(scrreprt)           for `\subsubsection on input line 5344.
Class scrreprt Info: using compatibility default `afterindent=bysign'
(scrreprt)           for `\subsubsection on input line 5344.
\scr@dte@paragraph@maxnumwidth=\skip52
Class scrreprt Info: using compatibility default `runin=bysign'
(scrreprt)           for `\paragraph on input line 5354.
Class scrreprt Info: using compatibility default `afterindent=bysign'
(scrreprt)           for `\paragraph on input line 5354.
\scr@dte@subparagraph@maxnumwidth=\skip53
Class scrreprt Info: using compatibility default `runin=bysign'
(scrreprt)           for `\subparagraph on input line 5364.
Class scrreprt Info: using compatibility default `afterindent=bysign'
(scrreprt)           for `\subparagraph on input line 5364.
\abovecaptionskip=\skip54
\belowcaptionskip=\skip55
\c@pti@nb@sid@b@x=\box28
Package tocbasic Info: omitting babel extension for `lof'
(tocbasic)             because of feature `nobabel' available
(tocbasic)             for `lof' on input line 6613.
\scr@dte@figure@maxnumwidth=\skip56
\c@figure=\count88
Package tocbasic Info: omitting babel extension for `lot'
(tocbasic)             because of feature `nobabel' available
(tocbasic)             for `lot' on input line 6630.
\scr@dte@table@maxnumwidth=\skip57
\c@table=\count89
Class scrreprt Info: Redefining `\numberline' on input line 6799.
\bibindent=\dimen102
)
(./preamble/packete.tex
(/usr/share/texlive/texmf-dist/tex/latex/graphics/graphicx.sty
Package: graphicx 2017/06/01 v1.1a Enhanced LaTeX Graphics (DPC,SPQR)

(/usr/share/texlive/texmf-dist/tex/latex/graphics/graphics.sty
Package: graphics 2017/06/25 v1.2c Standard LaTeX Graphics (DPC,SPQR)

(/usr/share/texlive/texmf-dist/tex/latex/graphics/trig.sty
Package: trig 2016/01/03 v1.10 sin cos tan (DPC)
)
(/usr/share/texlive/texmf-dist/tex/latex/graphics-cfg/graphics.cfg
File: graphics.cfg 2016/06/04 v1.11 sample graphics configuration
)
Package graphics Info: Driver file: pdftex.def on input line 99.

(/usr/share/texlive/texmf-dist/tex/latex/graphics-def/pdftex.def
File: pdftex.def 2018/01/08 v1.0l Graphics/color driver for pdftex
))
\Gin@req@height=\dimen103
\Gin@req@width=\dimen104
)
(/usr/share/texlive/texmf-dist/tex/latex/ntgclass/a4.sty
Package: a4 2004/04/15 v1.2g A4 based page layout
)
(/usr/share/texlive/texmf-dist/tex/generic/german/german.sty v2.5e 1998-07-08
Package: german 1998/07/08 v2.5e Support for writing german texts (br)
\grmnU@D=\dimen105
german -- \language number for Austrian undefined, default 30 used.
)
(/usr/share/texlive/texmf-dist/tex/latex/base/inputenc.sty
Package: inputenc 2018/08/11 v1.3c Input encoding file
\inpenc@prehook=\toks15
\inpenc@posthook=\toks16
)
(/usr/share/texlive/texmf-dist/tex/latex/acronym/acronym.sty
Package: acronym 2015/03/21 v1.41 Support for acronyms (Tobias Oetiker)

(/usr/share/texlive/texmf-dist/tex/latex/bigfoot/suffix.sty
Package: suffix 2006/07/15 1.5a Variant command support
)
(/usr/share/texlive/texmf-dist/tex/generic/xstring/xstring.sty
(/usr/share/texlive/texmf-dist/tex/generic/xstring/xstring.tex
\integerpart=\count90
\decimalpart=\count91
)
Package: xstring 2019/02/06 v1.83 String manipulations (CT)
)
\AC@clearlist=\toks17
)
(/usr/share/texlive/texmf-dist/tex/latex/booktabs/booktabs.sty
Package: booktabs 2016/04/27 v1.618033 publication quality tables
\heavyrulewidth=\dimen106
\lightrulewidth=\dimen107
\cmidrulewidth=\dimen108
\belowrulesep=\dimen109
\belowbottomsep=\dimen110
\aboverulesep=\dimen111
\abovetopsep=\dimen112
\cmidrulesep=\dimen113
\cmidrulekern=\dimen114
\defaultaddspace=\dimen115
\@cmidla=\count92
\@cmidlb=\count93
\@aboverulesep=\dimen116
\@belowrulesep=\dimen117
\@thisruleclass=\count94
\@lastruleclass=\count95
\@thisrulewidth=\dimen118
)
(/usr/share/texlive/texmf-dist/tex/latex/amsmath/amsmath.sty
Package: amsmath 2018/12/01 v2.17b AMS math features
\@mathmargin=\skip58

For additional information on amsmath, use the `?' option.
(/usr/share/texlive/texmf-dist/tex/latex/amsmath/amstext.sty
Package: amstext 2000/06/29 v2.01 AMS text

(/usr/share/texlive/texmf-dist/tex/latex/amsmath/amsgen.sty
File: amsgen.sty 1999/11/30 v2.0 generic functions
\@emptytoks=\toks18
\ex@=\dimen119
))
(/usr/share/texlive/texmf-dist/tex/latex/amsmath/amsbsy.sty
Package: amsbsy 1999/11/29 v1.2d Bold Symbols
\pmbraise@=\dimen120
)
(/usr/share/texlive/texmf-dist/tex/latex/amsmath/amsopn.sty
Package: amsopn 2016/03/08 v2.02 operator names
)
\inf@bad=\count96
LaTeX Info: Redefining \frac on input line 223.
\uproot@=\count97
\leftroot@=\count98
LaTeX Info: Redefining \overline on input line 385.
\classnum@=\count99
\DOTSCASE@=\count100
LaTeX Info: Redefining \ldots on input line 482.
LaTeX Info: Redefining \dots on input line 485.
LaTeX Info: Redefining \cdots on input line 606.
\Mathstrutbox@=\box29
\strutbox@=\box30
\big@size=\dimen121
LaTeX Font Info:    Redeclaring font encoding OML on input line 729.
LaTeX Font Info:    Redeclaring font encoding OMS on input line 730.
\macc@depth=\count101
\c@MaxMatrixCols=\count102
\dotsspace@=\muskip10
\c@parentequation=\count103
\dspbrk@lvl=\count104
\tag@help=\toks19
\row@=\count105
\column@=\count106
\maxfields@=\count107
\andhelp@=\toks20
\eqnshift@=\dimen122
\alignsep@=\dimen123
\tagshift@=\dimen124
\tagwidth@=\dimen125
\totwidth@=\dimen126
\lineht@=\dimen127
\@envbody=\toks21
\multlinegap=\skip59
\multlinetaggap=\skip60
\mathdisplay@stack=\toks22
LaTeX Info: Redefining \[ on input line 2844.
LaTeX Info: Redefining \] on input line 2845.
)
(/usr/share/texlive/texmf-dist/tex/latex/listings/listings.sty
\lst@mode=\count108
\lst@gtempboxa=\box31
\lst@token=\toks23
\lst@length=\count109
\lst@currlwidth=\dimen128
\lst@column=\count110
\lst@pos=\count111
\lst@lostspace=\dimen129
\lst@width=\dimen130
\lst@newlines=\count112
\lst@lineno=\count113
\lst@maxwidth=\dimen131

(/usr/share/texlive/texmf-dist/tex/latex/listings/lstmisc.sty
File: lstmisc.sty 2018/09/02 1.7 (Carsten Heinz)
\c@lstnumber=\count114
\lst@skipnumbers=\count115
\lst@framebox=\box32
)
(/usr/share/texlive/texmf-dist/tex/latex/listings/listings.cfg
File: listings.cfg 2018/09/02 1.7 listings configuration
))
Package: listings 2018/09/02 1.7 (Carsten Heinz)

(/usr/share/texlive/texmf-dist/tex/latex/hyperref/hyperref.sty
Package: hyperref 2018/11/30 v6.88e Hypertext links for LaTeX

(/usr/share/texlive/texmf-dist/tex/generic/oberdiek/hobsub-hyperref.sty
Package: hobsub-hyperref 2016/05/16 v1.14 Bundle oberdiek, subset hyperref (HO)


(/usr/share/texlive/texmf-dist/tex/generic/oberdiek/hobsub-generic.sty
Package: hobsub-generic 2016/05/16 v1.14 Bundle oberdiek, subset generic (HO)
Package: hobsub 2016/05/16 v1.14 Construct package bundles (HO)
Package: infwarerr 2016/05/16 v1.4 Providing info/warning/error messages (HO)
Package: ltxcmds 2016/05/16 v1.23 LaTeX kernel commands for general use (HO)
Package: ifluatex 2016/05/16 v1.4 Provides the ifluatex switch (HO)
Package ifluatex Info: LuaTeX not detected.
Package: ifvtex 2016/05/16 v1.6 Detect VTeX and its facilities (HO)
Package ifvtex Info: VTeX not detected.
Package: intcalc 2016/05/16 v1.2 Expandable calculations with integers (HO)
Package: ifpdf 2018/09/07 v3.3 Provides the ifpdf switch
Package: etexcmds 2016/05/16 v1.6 Avoid name clashes with e-TeX commands (HO)
Package: kvsetkeys 2016/05/16 v1.17 Key value parser (HO)
Package: kvdefinekeys 2016/05/16 v1.4 Define keys (HO)
Package: pdftexcmds 2018/09/10 v0.29 Utility functions of pdfTeX for LuaTeX (HO
)
Package pdftexcmds Info: LuaTeX not detected.
Package pdftexcmds Info: \pdf@primitive is available.
Package pdftexcmds Info: \pdf@ifprimitive is available.
Package pdftexcmds Info: \pdfdraftmode found.
Package: pdfescape 2016/05/16 v1.14 Implements pdfTeX's escape features (HO)
Package: bigintcalc 2016/05/16 v1.4 Expandable calculations on big integers (HO
)
Package: bitset 2016/05/16 v1.2 Handle bit-vector datatype (HO)
Package: uniquecounter 2016/05/16 v1.3 Provide unlimited unique counter (HO)
)
Package hobsub Info: Skipping package `hobsub' (already loaded).
Package: letltxmacro 2016/05/16 v1.5 Let assignment for LaTeX macros (HO)
Package: hopatch 2016/05/16 v1.3 Wrapper for package hooks (HO)
Package: xcolor-patch 2016/05/16 xcolor patch
Package: atveryend 2016/05/16 v1.9 Hooks at the very end of document (HO)
Package atveryend Info: \enddocument detected (standard20110627).
Package: atbegshi 2016/06/09 v1.18 At begin shipout hook (HO)
Package: refcount 2016/05/16 v3.5 Data extraction from label references (HO)
Package: hycolor 2016/05/16 v1.8 Color options for hyperref/bookmark (HO)
)
(/usr/share/texlive/texmf-dist/tex/generic/ifxetex/ifxetex.sty
Package: ifxetex 2010/09/12 v0.6 Provides ifxetex conditional
)
(/usr/share/texlive/texmf-dist/tex/latex/oberdiek/auxhook.sty
Package: auxhook 2016/05/16 v1.4 Hooks for auxiliary files (HO)
)
(/usr/share/texlive/texmf-dist/tex/latex/oberdiek/kvoptions.sty
Package: kvoptions 2016/05/16 v3.12 Key value format for package options (HO)
)
\@linkdim=\dimen132
\Hy@linkcounter=\count116
\Hy@pagecounter=\count117

(/usr/share/texlive/texmf-dist/tex/latex/hyperref/pd1enc.def
File: pd1enc.def 2018/11/30 v6.88e Hyperref: PDFDocEncoding definition (HO)
Now handling font encoding PD1 ...
... no UTF-8 mapping file for font encoding PD1
)
\Hy@SavedSpaceFactor=\count118

(/usr/share/texlive/texmf-dist/tex/latex/latexconfig/hyperref.cfg
File: hyperref.cfg 2002/06/06 v1.2 hyperref configuration of TeXLive
)
Package hyperref Info: Hyper figures OFF on input line 4519.
Package hyperref Info: Link nesting OFF on input line 4524.
Package hyperref Info: Hyper index ON on input line 4527.
Package hyperref Info: Plain pages OFF on input line 4534.
Package hyperref Info: Backreferencing OFF on input line 4539.
Package hyperref Info: Implicit mode ON; LaTeX internals redefined.
Package hyperref Info: Bookmarks ON on input line 4772.
\c@Hy@tempcnt=\count119

(/usr/share/texlive/texmf-dist/tex/latex/url/url.sty
\Urlmuskip=\muskip11
Package: url 2013/09/16  ver 3.4  Verb mode for urls, etc.
)
LaTeX Info: Redefining \url on input line 5125.
\XeTeXLinkMargin=\dimen133
\Fld@menulength=\count120
\Field@Width=\dimen134
\Fld@charsize=\dimen135
Package hyperref Info: Hyper figures OFF on input line 6380.
Package hyperref Info: Link nesting OFF on input line 6385.
Package hyperref Info: Hyper index ON on input line 6388.
Package hyperref Info: backreferencing OFF on input line 6395.
Package hyperref Info: Link coloring OFF on input line 6400.
Package hyperref Info: Link coloring with OCG OFF on input line 6405.
Package hyperref Info: PDF/A mode OFF on input line 6410.
LaTeX Info: Redefining \ref on input line 6450.
LaTeX Info: Redefining \pageref on input line 6454.
\Hy@abspage=\count121
\c@Item=\count122
\c@Hfootnote=\count123
)
Package hyperref Info: Driver (autodetected): hpdftex.

(/usr/share/texlive/texmf-dist/tex/latex/hyperref/hpdftex.def
File: hpdftex.def 2018/11/30 v6.88e Hyperref driver for pdfTeX
\Fld@listcount=\count124
\c@bookmark@seq@number=\count125

(/usr/share/texlive/texmf-dist/tex/latex/oberdiek/rerunfilecheck.sty
Package: rerunfilecheck 2016/05/16 v1.8 Rerun checks for auxiliary files (HO)
Package uniquecounter Info: New unique counter `rerunfilecheck' on input line 2
82.
)
\Hy@SectionHShift=\skip61
)
(/usr/share/texlive/texmf-dist/tex/latex/koma-script/scrpage2.sty
Package: scrpage2 2019/02/01 v3.26b KOMA-Script package (page head and foot)


Package scrpage2 Warning: usage of obsolete package!
(scrpage2)                Package `scrpage2' is obsolete.
(scrpage2)                You should not longer use package `scrpage2'.
(scrpage2)                You should replace usage of package `scrpage2'
(scrpage2)                by `scrlayer-scrpage' on input line 52.

LaTeX Info: Redefining \pagemark on input line 180.
) (/usr/share/texlive/texmf-dist/tex/latex/float/float.sty
Package: float 2001/11/08 v1.3d Float enhancements (AL)
\c@float@type=\count126
\float@exts=\toks24
\float@box=\box33
\@float@everytoks=\toks25
\@floatcapt=\box34
)
(/usr/share/texlive/texmf-dist/tex/latex/geometry/geometry.sty
Package: geometry 2018/04/16 v5.8 Page Geometry
\Gm@cnth=\count127
\Gm@cntv=\count128
\c@Gm@tempcnt=\count129
\Gm@bindingoffset=\dimen136
\Gm@wd@mp=\dimen137
\Gm@odd@mp=\dimen138
\Gm@even@mp=\dimen139
\Gm@layoutwidth=\dimen140
\Gm@layoutheight=\dimen141
\Gm@layouthoffset=\dimen142
\Gm@layoutvoffset=\dimen143
\Gm@dimlist=\toks26
)
(/usr/share/texlive/texmf-dist/tex/latex/setspace/setspace.sty
Package: setspace 2011/12/19 v6.7a set line spacing
)
(/usr/share/texlive/texmf-dist/tex/latex/caption/subcaption.sty
Package: subcaption 2018/05/01 v1.1-162 Sub-captions (AR)

(/usr/share/texlive/texmf-dist/tex/latex/caption/caption.sty
Package: caption 2018/10/06 v3.3-154 Customizing captions (AR)

(/usr/share/texlive/texmf-dist/tex/latex/caption/caption3.sty
Package: caption3 2018/09/12 v1.8c caption3 kernel (AR)
Package caption3 Info: TeX engine: e-TeX on input line 64.
\captionmargin=\dimen144
\captionmargin@=\dimen145
\captionwidth=\dimen146
\caption@tempdima=\dimen147
\caption@indent=\dimen148
\caption@parindent=\dimen149
\caption@hangindent=\dimen150
)
Package caption Info: KOMA-Script document class.
\c@caption@flags=\count130
\c@ContinuedFloat=\count131
Package caption Info: float package is loaded.
Package caption Info: hyperref package is loaded.
Package caption Info: listings package is loaded.
)
\c@subfigure=\count132
\c@subtable=\count133
)
(/usr/share/texlive/texmf-dist/tex/latex/multirow/multirow.sty
Package: multirow 2019/01/01 v2.4 Span multiple rows of a table
\multirow@colwidth=\skip62
\multirow@cntb=\count134
\multirow@dima=\skip63
\bigstrutjot=\dimen151
)
(/usr/share/texlive/texmf-dist/tex/latex/koma-script/scrhack.sty
Package: scrhack 2019/02/01 v3.26b KOMA-Script package 

(/usr/share/texlive/texmf-dist/tex/latex/xpatch/xpatch.sty
(/usr/share/texlive/texmf-dist/tex/latex/l3kernel/expl3.sty
Package: expl3 2019-02-15 L3 programming layer (loader) 

(/usr/share/texlive/texmf-dist/tex/latex/l3kernel/expl3-code.tex
Package: expl3 2019-02-15 L3 programming layer (code)
\c_max_int=\count135
\l_tmpa_int=\count136
\l_tmpb_int=\count137
\g_tmpa_int=\count138
\g_tmpb_int=\count139
\g__kernel_prg_map_int=\count140
\c_log_iow=\count141
\l_iow_line_count_int=\count142
\l__iow_line_target_int=\count143
\l__iow_one_indent_int=\count144
\l__iow_indent_int=\count145
\c_zero_dim=\dimen152
\c_max_dim=\dimen153
\l_tmpa_dim=\dimen154
\l_tmpb_dim=\dimen155
\g_tmpa_dim=\dimen156
\g_tmpb_dim=\dimen157
\c_zero_skip=\skip64
\c_max_skip=\skip65
\l_tmpa_skip=\skip66
\l_tmpb_skip=\skip67
\g_tmpa_skip=\skip68
\g_tmpb_skip=\skip69
\c_zero_muskip=\muskip12
\c_max_muskip=\muskip13
\l_tmpa_muskip=\muskip14
\l_tmpb_muskip=\muskip15
\g_tmpa_muskip=\muskip16
\g_tmpb_muskip=\muskip17
\l_keys_choice_int=\count146
\l__intarray_loop_int=\count147
\c__intarray_sp_dim=\dimen158
\g__intarray_font_int=\count148
\c__fp_leading_shift_int=\count149
\c__fp_middle_shift_int=\count150
\c__fp_trailing_shift_int=\count151
\c__fp_big_leading_shift_int=\count152
\c__fp_big_middle_shift_int=\count153
\c__fp_big_trailing_shift_int=\count154
\c__fp_Bigg_leading_shift_int=\count155
\c__fp_Bigg_middle_shift_int=\count156
\c__fp_Bigg_trailing_shift_int=\count157
\c__kernel_randint_max_int=\count158
\g__fp_array_int=\count159
\l__fp_array_loop_int=\count160
\l__sort_length_int=\count161
\l__sort_min_int=\count162
\l__sort_top_int=\count163
\l__sort_max_int=\count164
\l__sort_true_max_int=\count165
\l__sort_block_int=\count166
\l__sort_begin_int=\count167
\l__sort_end_int=\count168
\l__sort_A_int=\count169
\l__sort_B_int=\count170
\l__sort_C_int=\count171
\l__tl_analysis_normal_int=\count172
\l__tl_analysis_index_int=\count173
\l__tl_analysis_nesting_int=\count174
\l__tl_analysis_type_int=\count175
\l__regex_internal_a_int=\count176
\l__regex_internal_b_int=\count177
\l__regex_internal_c_int=\count178
\l__regex_balance_int=\count179
\l__regex_group_level_int=\count180
\l__regex_mode_int=\count181
\c__regex_cs_in_class_mode_int=\count182
\c__regex_cs_mode_int=\count183
\l__regex_catcodes_int=\count184
\l__regex_default_catcodes_int=\count185
\c__regex_catcode_D_int=\count186
\c__regex_catcode_S_int=\count187
\c__regex_catcode_L_int=\count188
\c__regex_catcode_O_int=\count189
\c__regex_catcode_A_int=\count190
\c__regex_all_catcodes_int=\count191
\l__regex_show_lines_int=\count192
\l__regex_min_state_int=\count193
\l__regex_max_state_int=\count194
\l__regex_left_state_int=\count195
\l__regex_right_state_int=\count196
\l__regex_capturing_group_int=\count197
\l__regex_min_pos_int=\count198
\l__regex_max_pos_int=\count199
\l__regex_curr_pos_int=\count266
\l__regex_start_pos_int=\count267
\l__regex_success_pos_int=\count268
\l__regex_curr_char_int=\count269
\l__regex_curr_catcode_int=\count270
\l__regex_last_char_int=\count271
\l__regex_case_changed_char_int=\count272
\l__regex_curr_state_int=\count273
\l__regex_step_int=\count274
\l__regex_min_active_int=\count275
\l__regex_max_active_int=\count276
\l__regex_replacement_csnames_int=\count277
\l__regex_match_count_int=\count278
\l__regex_min_submatch_int=\count279
\l__regex_submatch_int=\count280
\l__regex_zeroth_submatch_int=\count281
\g__regex_trace_regex_int=\count282
\c_empty_box=\box35
\l_tmpa_box=\box36
\l_tmpb_box=\box37
\g_tmpa_box=\box38
\g_tmpb_box=\box39
\l__box_top_dim=\dimen159
\l__box_bottom_dim=\dimen160
\l__box_left_dim=\dimen161
\l__box_right_dim=\dimen162
\l__box_top_new_dim=\dimen163
\l__box_bottom_new_dim=\dimen164
\l__box_left_new_dim=\dimen165
\l__box_right_new_dim=\dimen166
\l__box_internal_box=\box40
\l__coffin_internal_box=\box41
\l__coffin_internal_dim=\dimen167
\l__coffin_offset_x_dim=\dimen168
\l__coffin_offset_y_dim=\dimen169
\l__coffin_x_dim=\dimen170
\l__coffin_y_dim=\dimen171
\l__coffin_x_prime_dim=\dimen172
\l__coffin_y_prime_dim=\dimen173
\c_empty_coffin=\box42
\l__coffin_aligned_coffin=\box43
\l__coffin_aligned_internal_coffin=\box44
\l_tmpa_coffin=\box45
\l_tmpb_coffin=\box46
\g_tmpa_coffin=\box47
\g_tmpb_coffin=\box48
\c__coffin_empty_coffin=\box49
\l__coffin_display_coffin=\box50
\l__coffin_display_coord_coffin=\box51
\l__coffin_display_pole_coffin=\box52
\l__coffin_display_offset_dim=\dimen174
\l__coffin_display_x_dim=\dimen175
\l__coffin_display_y_dim=\dimen176
\g__file_internal_ior=\read1
\l__coffin_bounding_shift_dim=\dimen177
\l__coffin_left_corner_dim=\dimen178
\l__coffin_right_corner_dim=\dimen179
\l__coffin_bottom_corner_dim=\dimen180
\l__coffin_top_corner_dim=\dimen181
\l__coffin_scaled_total_height_dim=\dimen182
\l__coffin_scaled_width_dim=\dimen183
\l__seq_internal_a_int=\count283
\l__seq_internal_b_int=\count284
)
(/usr/share/texlive/texmf-dist/tex/latex/l3kernel/l3pdfmode.def
File: l3pdfmode.def 2019-02-15 v L3 Experimental driver: PDF mode
\l__driver_color_stack_int=\count285
))
Package: xpatch 2012/10/02 v0.3 Extending etoolbox patching commands

(/usr/share/texlive/texmf-dist/tex/latex/l3packages/xparse/xparse.sty
Package: xparse 2018-10-17 L3 Experimental document command parser
\l__xparse_current_arg_int=\count286
\g__xparse_grabber_int=\count287
\l__xparse_m_args_int=\count288
\l__xparse_mandatory_args_int=\count289
\l__xparse_v_nesting_int=\count290
)
(/usr/share/texlive/texmf-dist/tex/latex/etoolbox/etoolbox.sty
Package: etoolbox 2018/08/19 v2.5f e-TeX tools for LaTeX (JAW)
\etb@tempcnta=\count291
))
Package scrhack Info: hyperref hack deactivated because of
(scrhack)             detection of hyperref version, that doesn't
(scrhack)             need that hack, on input line 160.
Package scrhack Info: loading float hack on input line 167.

(/usr/share/texlive/texmf-dist/tex/latex/koma-script/float.hak
File: float.hak 2019/02/01 v3.26b KOMA-Script package (hacking package float)
Package scrhack Info: redefining \newfloat on input line 163.
Package scrhack Info: redefining \listof on input line 163.
Package scrhack Info: undefining \float@addtolists on input line 163.
)
Package scrhack Info: loading listings hack on input line 181.

(/usr/share/texlive/texmf-dist/tex/latex/koma-script/listings.hak
File: listings.hak 2019/02/01 v3.26b KOMA-Script package (hacking package listi
ngs)
Package tocbasic Info: setting babel extension for `lol' on input line 137.
Package scrhack Info: redefining \lstlistoflistings on input line 137.
)
Package scrhack Info: loading setspace hack on input line 195.

(/usr/share/texlive/texmf-dist/tex/latex/koma-script/setspace.hak
File: setspace.hak 2019/02/01 v3.26b KOMA-Script package (hacking package setsp
ace)
))
(/usr/share/texlive/texmf-dist/tex/latex/graphics/color.sty
Package: color 2016/07/10 v1.1e Standard LaTeX Color (DPC)

(/usr/share/texlive/texmf-dist/tex/latex/graphics-cfg/color.cfg
File: color.cfg 2016/01/02 v1.6 sample color configuration
)
Package color Info: Driver file: pdftex.def on input line 147.
)
(/usr/share/texlive/texmf-dist/tex/latex/xcolor/xcolor.sty
Package: xcolor 2016/05/11 v2.12 LaTeX color extensions (UK)

(/usr/share/texlive/texmf-dist/tex/latex/graphics-cfg/color.cfg
File: color.cfg 2016/01/02 v1.6 sample color configuration
)
Package xcolor Info: Driver file: pdftex.def on input line 225.
LaTeX Info: Redefining \color on input line 709.
Package xcolor Info: Model `cmy' substituted by `cmy0' on input line 1348.
Package xcolor Info: Model `hsb' substituted by `rgb' on input line 1352.
Package xcolor Info: Model `RGB' extended on input line 1364.
Package xcolor Info: Model `HTML' substituted by `rgb' on input line 1366.
Package xcolor Info: Model `Hsb' substituted by `hsb' on input line 1367.
Package xcolor Info: Model `tHsb' substituted by `hsb' on input line 1368.
Package xcolor Info: Model `HSB' substituted by `hsb' on input line 1369.
Package xcolor Info: Model `Gray' substituted by `gray' on input line 1370.
Package xcolor Info: Model `wave' substituted by `hsb' on input line 1371.
)
(/usr/share/texlive/texmf-dist/tex/latex/verbatimbox/verbatimbox.sty
Package: verbatimbox 2014/03/12 v3.13 Routines for placing verbatim text into b
oxes, useful in places where the verbatim environment is inaccessible. Secondar
ily, for adding vertical buffer around an object.

(/usr/share/texlive/texmf-dist/tex/latex/tools/verbatim.sty
Package: verbatim 2014/10/28 v1.5q LaTeX2e package for verbatim enhancements
\every@verbatim=\toks27
\verbatim@line=\toks28
\verbatim@in@stream=\read2
)
(/usr/share/texlive/texmf-dist/tex/latex/readarray/readarray.sty
Package: readarray 2016/11/07\ 2.0\ Routines for inputting 2D and 3D array data
 and recalling it on an element-by-element basis.

(/usr/share/texlive/texmf-dist/tex/latex/base/ifthen.sty
Package: ifthen 2014/09/29 v1.1c Standard LaTeX ifthen package (DPC)
)
(/usr/share/texlive/texmf-dist/tex/generic/listofitems/listofitems.sty
(/usr/share/texlive/texmf-dist/tex/generic/listofitems/listofitems.tex
\loi_cnt_foreach_nest=\count292
\loi_nestcnt=\count293
)
Package: listofitems 2018/11/01 v1.6 Grab items in lists using user-specified s
ep char (CT)
)
\c@@index=\count294
\c@@plane=\count295
\c@@row=\count296
\c@@col=\count297
\c@use@args=\count298
\c@@record=\count299
\c@arg@index=\count300
\c@break@count=\count301
\c@index@count=\count302
\c@loop@count=\count303
\Arg@toks=\toks29
\@arrayident@toks=\toks30
\rdar@file=\read3

readarray: bounds checking OFF
)
\savedverbbox=\box53
\c@VerbboxLineNo=\count304
\boxtopsep=\dimen184
\boxbottomsep=\dimen185
\ps@tempdima=\dimen186
\ps@tempboxa=\box54
\boxtop@sep=\skip70
\boxbottom@sep=\skip71
) (/usr/share/texlive/texmf-dist/tex/latex/tools/array.sty
Package: array 2018/12/30 v2.4k Tabular extension package (FMi)
\col@sep=\dimen187
\ar@mcellbox=\box55
\extrarowheight=\dimen188
\NC@list=\toks31
\extratabsurround=\skip72
\backup@length=\skip73
\ar@cellbox=\box56
))
(./preamble/optionen.tex) (./preamble/variablen.tex)
(./Dokumentation_Teamprojekt.aux (./htwg/cover.aux))
\openout1 = `Dokumentation_Teamprojekt.aux'.

LaTeX Font Info:    Checking defaults for OML/cmm/m/it on input line 7.
LaTeX Font Info:    ... okay on input line 7.
LaTeX Font Info:    Checking defaults for T1/cmr/m/n on input line 7.
LaTeX Font Info:    ... okay on input line 7.
LaTeX Font Info:    Checking defaults for OT1/cmr/m/n on input line 7.
LaTeX Font Info:    ... okay on input line 7.
LaTeX Font Info:    Checking defaults for OMS/cmsy/m/n on input line 7.
LaTeX Font Info:    ... okay on input line 7.
LaTeX Font Info:    Checking defaults for OMX/cmex/m/n on input line 7.
LaTeX Font Info:    ... okay on input line 7.
LaTeX Font Info:    Checking defaults for U/cmr/m/n on input line 7.
LaTeX Font Info:    ... okay on input line 7.
LaTeX Font Info:    Checking defaults for PD1/pdf/m/n on input line 7.
LaTeX Font Info:    ... okay on input line 7.

(/usr/share/texlive/texmf-dist/tex/context/base/mkii/supp-pdf.mkii
[Loading MPS to PDF converter (version 2006.09.02).]
\scratchcounter=\count305
\scratchdimen=\dimen189
\scratchbox=\box57
\nofMPsegments=\count306
\nofMParguments=\count307
\everyMPshowfont=\toks32
\MPscratchCnt=\count308
\MPscratchDim=\dimen190
\MPnumerator=\count309
\makeMPintoPDFobject=\count310
\everyMPtoPDFconversion=\toks33
) (/usr/share/texlive/texmf-dist/tex/latex/oberdiek/epstopdf-base.sty
Package: epstopdf-base 2016/05/15 v2.6 Base part for package epstopdf

(/usr/share/texlive/texmf-dist/tex/latex/oberdiek/grfext.sty
Package: grfext 2016/05/16 v1.2 Manage graphics extensions (HO)
)
Package epstopdf-base Info: Redefining graphics rule for `.eps' on input line 4
38.
Package grfext Info: Graphics extension search list:
(grfext)             [.pdf,.png,.jpg,.mps,.jpeg,.jbig2,.jb2,.PDF,.PNG,.JPG,.JPE
G,.JBIG2,.JB2,.eps]
(grfext)             \AppendGraphicsExtensions on input line 456.

(/usr/share/texlive/texmf-dist/tex/latex/latexconfig/epstopdf-sys.cfg
File: epstopdf-sys.cfg 2010/07/13 v1.3 Configuration of (r)epstopdf for TeX Liv
e
))
\c@lstlisting=\count311
\AtBeginShipoutBox=\box58
Package hyperref Info: Link coloring OFF on input line 7.

(/usr/share/texlive/texmf-dist/tex/latex/hyperref/nameref.sty
Package: nameref 2016/05/21 v2.44 Cross-referencing by name of section

(/usr/share/texlive/texmf-dist/tex/generic/oberdiek/gettitlestring.sty
Package: gettitlestring 2016/05/16 v1.5 Cleanup title references (HO)
)
\c@section@level=\count312
)
LaTeX Info: Redefining \ref on input line 7.
LaTeX Info: Redefining \pageref on input line 7.
LaTeX Info: Redefining \nameref on input line 7.

(./Dokumentation_Teamprojekt.out) (./Dokumentation_Teamprojekt.out)
\@outlinefile=\write3
\openout3 = `Dokumentation_Teamprojekt.out'.

Class scrreprt Info: loading recommended package `bookmark'.
(scrreprt)           Using `bookmark' together with `hyperref' is recommended,
(scrreprt)           because of handling of possible bookmark level gaps.
(scrreprt)           You can avoid loading `bookmark' with KOMA-Script option
(scrreprt)           `bookmarkpackage=false' before \begin{document} and
(scrreprt)           you can avoid this message with `\usepackage{bookmark}'
(scrreprt)           before \begin{document} on input line 7.

(/usr/share/texlive/texmf-dist/tex/latex/oberdiek/bookmark.sty
Package: bookmark 2016/05/17 v1.26 PDF bookmarks (HO)

(/usr/share/texlive/texmf-dist/tex/latex/oberdiek/bkm-pdftex.def
File: bkm-pdftex.def 2016/05/17 v1.26 bookmark driver for pdfTeX (HO)
Package auxhook Info: \AddLineBeginMainAux comes a little late,
(auxhook)             because the main .aux file is already opened on input lin
e 164.
\BKM@id=\count313
))

Package scrpage2 Warning: seems you are using a very small headheight.
(scrpage2)                If you get overfull \vbox warnings at almost every
(scrpage2)                page, you should increase headheight e.g. writing
(scrpage2)                 \setlength{\headheight}{1.1\baselineskip}
(scrpage2)                into the preamble of your document.
(scrpage2)                A better solution would be to use typearea package.

*geometry* driver: auto-detecting
*geometry* detected driver: pdftex
*geometry* verbose mode - [ preamble ] result:
* driver: pdftex
* paper: a4paper
* layout: <same size as paper>
* layoutoffset:(h,v)=(0.0pt,0.0pt)
* modes: 
* h-part:(L,W,R)=(89.62709pt, 418.25368pt, 89.6271pt)
* v-part:(T,H,B)=(101.40665pt, 658.28194pt, 85.35826pt)
* \paperwidth=597.50787pt
* \paperheight=845.04684pt
* \textwidth=418.25368pt
* \textheight=658.28194pt
* \oddsidemargin=17.3571pt
* \evensidemargin=17.3571pt
* \topmargin=-8.26335pt
* \headheight=17.0pt
* \headsep=20.40001pt
* \topskip=11.0pt
* \footskip=47.6pt
* \marginparwidth=72.26999pt
* \marginparsep=12.8401pt
* \columnsep=10.0pt
* \skip\footins=10.0pt plus 4.0pt minus 2.0pt
* \hoffset=0.0pt
* \voffset=0.0pt
* \mag=1000
* \@twocolumnfalse
* \@twosidefalse
* \@mparswitchfalse
* \@reversemarginfalse
* (1in=72.27pt=25.4mm, 1cm=28.453pt)

Package caption Info: Begin \AtBeginDocument code.
Package caption Info: End \AtBeginDocument code.
Package scrhack Info: undefining \float@addtolists on input line 7.
\openout2 = `htwg/cover.aux'.

(./htwg/cover.tex
<htwg/images/htwg-logo.pdf, id=4, 119.50145pt x 119.50647pt>
File: htwg/images/htwg-logo.pdf Graphic file (type pdf)
<use htwg/images/htwg-logo.pdf>
Package pdftex.def Info: htwg/images/htwg-logo.pdf  used on input line 7.
(pdftex.def)             Requested size: 142.26378pt x 142.27097pt.
<htwg/images/duckietown.png, id=5, 1027.84pt x 685.56125pt>
File: htwg/images/duckietown.png Graphic file (type png)
<use htwg/images/duckietown.png>
Package pdftex.def Info: htwg/images/duckietown.png  used on input line 26.
(pdftex.def)             Requested size: 292.77629pt x 195.28238pt.
 [1




{/var/lib/texmf/fonts/map/pdftex/updmap/pdftex.map} <./htwg/images/htwg-logo.pd
f> <./htwg/images/duckietown.png>])
(./Dokumentation_Teamprojekt.toc [1


])
\tf@toc=\write4
\openout4 = `Dokumentation_Teamprojekt.toc'.

 (./preamble/acronym.tex [2]
chapter without number
) [3

] (./kapitel1/Einleitung.tex
chapter 1.
<kapitel1/images/duckietown.png, id=196, 1027.84pt x 685.56125pt>
File: kapitel1/images/duckietown.png Graphic file (type png)
<use kapitel1/images/duckietown.png>
Package pdftex.def Info: kapitel1/images/duckietown.png  used on input line 7.
(pdftex.def)             Requested size: 198.66985pt x 132.50706pt.
<kapitel1/images/duckietown2.png, id=198, 1027.84pt x 609.27625pt>
File: kapitel1/images/duckietown2.png Graphic file (type png)
<use kapitel1/images/duckietown2.png>
Package pdftex.def Info: kapitel1/images/duckietown2.png  used on input line 13
.
(pdftex.def)             Requested size: 224.18526pt x 132.88838pt.

Overfull \hbox (15.05843pt too wide) in paragraph at lines 13--16
 [][] 
 []

Package acronym Info: Label `acro:mit' newly defined as it shall be overridden
although it is yet undefined on input line 20.

Underfull \hbox (badness 10000) in paragraph at lines 20--24

 []


Overfull \hbox (20.96349pt too wide) in paragraph at lines 25--27
\OT1/cmr/m/n/10.95 Ziel des [][]-Projekts ist die Im-ple-men-tie-rung ver-schie
-de-ner klas-si-scher Robotik-Algorithmen
 []


Underfull \hbox (badness 10000) in paragraph at lines 25--27

 []


Underfull \hbox (badness 10000) in paragraph at lines 28--34

 []

Package acronym Info: Label `acro:ros' newly defined as it shall be overridden
although it is yet undefined on input line 36.
[1


 <./kapitel1/images/duckietown.png> <./kapitel1/images/duckietown2.png (PNG cop
y)>]
Underfull \hbox (badness 10000) in paragraph at lines 42--43

 []


Underfull \hbox (badness 10000) in paragraph at lines 44--45

 []

LaTeX Font Info:    Try loading font information for OMS+cmr on input line 49.
(/usr/share/texlive/texmf-dist/tex/latex/base/omscmr.fd
File: omscmr.fd 2014/09/29 v2.5h Standard LaTeX font definitions
)
LaTeX Font Info:    Font shape `OMS/cmr/m/n' in size <10.95> not available
(Font)              Font shape `OMS/cmsy/m/n' tried instead on input line 49.
 [2])
(./kapitel2/DuckieTown.tex [3]
chapter 2.

Underfull \hbox (badness 10000) in paragraph at lines 6--7

 []


Overfull \hbox (11.86887pt too wide) in paragraph at lines 8--9
[]\OT1/cmr/m/n/10.95 Der Si-mu-la-tor ist schnell, quel-lof-fen und aus-ge-spro
-chen an-pas-sungsf[]ahig. Er wur-de zun[]achst
 []


Underfull \hbox (badness 10000) in paragraph at lines 8--9

 []

<kapitel2/images/duckietown-umgebung.png, id=242, 762.85pt x 567.11874pt>
File: kapitel2/images/duckietown-umgebung.png Graphic file (type png)
<use kapitel2/images/duckietown-umgebung.png>
Package pdftex.def Info: kapitel2/images/duckietown-umgebung.png  used on input
 line 14.
(pdftex.def)             Requested size: 334.60422pt x 248.74554pt.
<kapitel2/images/straight.png, id=244, 401.5pt x 401.5pt>
File: kapitel2/images/straight.png Graphic file (type png)
<use kapitel2/images/straight.png>
Package pdftex.def Info: kapitel2/images/straight.png  used on input line 29.
(pdftex.def)             Requested size: 68.25409pt x 68.25409pt.
[4

 <./kapitel2/images/duckietown-umgebung.png>]
<kapitel2/images/left.png, id=254, 401.5pt x 401.5pt>
File: kapitel2/images/left.png Graphic file (type png)
<use kapitel2/images/left.png>
Package pdftex.def Info: kapitel2/images/left.png  used on input line 39.
(pdftex.def)             Requested size: 68.25409pt x 68.25409pt.
<kapitel2/images/right.png, id=255, 401.5pt x 401.5pt>
File: kapitel2/images/right.png Graphic file (type png)
<use kapitel2/images/right.png>
Package pdftex.def Info: kapitel2/images/right.png  used on input line 48.
(pdftex.def)             Requested size: 68.25409pt x 68.25409pt.
<kapitel2/images/3way.png, id=256, 401.5pt x 401.5pt>
File: kapitel2/images/3way.png Graphic file (type png)
<use kapitel2/images/3way.png>
Package pdftex.def Info: kapitel2/images/3way.png  used on input line 57.
(pdftex.def)             Requested size: 68.25409pt x 68.25409pt.
<kapitel2/images/4way.png, id=257, 401.5pt x 401.5pt>
File: kapitel2/images/4way.png Graphic file (type png)
<use kapitel2/images/4way.png>
Package pdftex.def Info: kapitel2/images/4way.png  used on input line 66.
(pdftex.def)             Requested size: 68.25409pt x 68.25409pt.
<kapitel2/images/asphalt.png, id=258, 401.5pt x 401.5pt>
File: kapitel2/images/asphalt.png Graphic file (type png)
<use kapitel2/images/asphalt.png>
Package pdftex.def Info: kapitel2/images/asphalt.png  used on input line 74.
(pdftex.def)             Requested size: 68.25409pt x 68.25409pt.
<kapitel2/images/grass.png, id=259, 513.92pt x 513.92pt>
File: kapitel2/images/grass.png Graphic file (type png)
<use kapitel2/images/grass.png>
Package pdftex.def Info: kapitel2/images/grass.png  used on input line 83.
(pdftex.def)             Requested size: 67.8392pt x 67.8392pt.
<kapitel2/images/floor.png, id=260, 260.57915pt x 260.57915pt>
File: kapitel2/images/floor.png Graphic file (type png)
<use kapitel2/images/floor.png>
Package pdftex.def Info: kapitel2/images/floor.png  used on input line 92.
(pdftex.def)             Requested size: 67.74898pt x 67.74898pt.

Underfull \hbox (badness 10000) in paragraph at lines 97--98

 []

[5 <./kapitel2/images/straight.png> <./kapitel2/images/left.png> <./kapitel2/im
ages/right.png> <./kapitel2/images/3way.png> <./kapitel2/images/4way.png (PNG c
opy)> <./kapitel2/images/asphalt.png (PNG copy)> <./kapitel2/images/grass.png> 
<./kapitel2/images/floor.png>]
(/usr/share/texlive/texmf-dist/tex/latex/listings/lstlang1.sty
File: lstlang1.sty 2018/09/02 1.7 listings language file
)
Overfull \hbox (17.0pt too wide) in paragraph at lines 103--103
[][] 
 []


LaTeX Font Warning: Font shape `OT1/cmss/m/it' in size <10> not available
(Font)              Font shape `OT1/cmss/m/sl' tried instead on input line 104.


<kapitel2/images/duckiebot.jpg, id=274, 947.54pt x 862.22125pt>
File: kapitel2/images/duckiebot.jpg Graphic file (type jpg)
<use kapitel2/images/duckiebot.jpg>
Package pdftex.def Info: kapitel2/images/duckiebot.jpg  used on input line 124.

(pdftex.def)             Requested size: 202.85329pt x 184.58456pt.
[6 <./kapitel2/images/duckiebot.jpg>]
Overfull \hbox (17.0pt too wide) in paragraph at lines 138--138
[][] 
 []

LaTeX Font Info:    Try loading font information for OMS+cmss on input line 146
.
LaTeX Font Info:    No file OMScmss.fd. on input line 146.

LaTeX Font Warning: Font shape `OMS/cmss/m/n' undefined
(Font)              using `OMS/cmsy/m/n' instead
(Font)              for symbol `textasteriskcentered' on input line 146.


Underfull \hbox (badness 10000) in paragraph at lines 156--157

 []


Underfull \hbox (badness 10000) in paragraph at lines 158--159

 []


Overfull \hbox (1.92625pt too wide) in paragraph at lines 160--161
\OT1/cmr/m/n/10.95 wird und die Dif-fe-renz der Ori-en-tie-run-gen von Agent un
d Fahr-spur \OT1/cmtt/m/n/10.95 lane[]pose.angle[]rad
 []


Underfull \hbox (badness 10000) in paragraph at lines 160--161

 []


Underfull \hbox (badness 10000) in paragraph at lines 162--163

 []

[7]) (./kapitel3/DeepLearning.tex
chapter 3.

Underfull \hbox (badness 10000) in paragraph at lines 5--6

 []


Underfull \hbox (badness 10000) in paragraph at lines 7--8

 []

<kapitel3/images/KI_Uebersicht.png, id=319, 1003.75pt x 539.01375pt>
File: kapitel3/images/KI_Uebersicht.png Graphic file (type png)
<use kapitel3/images/KI_Uebersicht.png>
Package pdftex.def Info: kapitel3/images/KI_Uebersicht.png  used on input line 
11.
(pdftex.def)             Requested size: 418.25368pt x 224.6077pt.
[8]
Underfull \hbox (badness 10000) in paragraph at lines 18--19

 []

<kapitel3/images/Simples_Neuronales_Netz.jpg, id=331, 869.2475pt x 587.19376pt>

File: kapitel3/images/Simples_Neuronales_Netz.jpg Graphic file (type jpg)
<use kapitel3/images/Simples_Neuronales_Netz.jpg>
Package pdftex.def Info: kapitel3/images/Simples_Neuronales_Netz.jpg  used on i
nput line 24.
(pdftex.def)             Requested size: 271.86234pt x 183.64992pt.
[9 <./kapitel3/images/KI_Uebersicht.png (PNG copy)>]
<kapitel3/images/Deep_Learning_Performance.png, id=343, 878.28125pt x 555.07375
pt>
File: kapitel3/images/Deep_Learning_Performance.png Graphic file (type png)
<use kapitel3/images/Deep_Learning_Performance.png>
Package pdftex.def Info: kapitel3/images/Deep_Learning_Performance.png  used on
 input line 39.
(pdftex.def)             Requested size: 351.30627pt x 222.02556pt.
 [10 <./kapitel3/images/Simples_Neuronales_Netz.jpg>]
Overfull \hbox (14.39339pt too wide) in paragraph at lines 58--60
\OT1/cmr/m/n/10.95 Anders als das []uber-wach-te be-zie-hungs-wei-se un[]uber-w
ach-te Ler-nen nutzt das best[]arken-
 []

<kapitel3/images/lernverfahren.png, id=355, 456.70625pt x 443.6575pt>
File: kapitel3/images/lernverfahren.png Graphic file (type png)
<use kapitel3/images/lernverfahren.png>
Package pdftex.def Info: kapitel3/images/lernverfahren.png  used on input line 
66.
(pdftex.def)             Requested size: 250.95476pt x 243.7822pt.
[11 <./kapitel3/images/Deep_Learning_Performance.png>]
Underfull \hbox (badness 10000) in paragraph at lines 77--78

 []


Underfull \hbox (badness 10000) in paragraph at lines 81--82

 []


Underfull \hbox (badness 10000) in paragraph at lines 85--86

 []

[12 <./kapitel3/images/lernverfahren.png>]
Underfull \hbox (badness 10000) in paragraph at lines 89--90

 []


Underfull \hbox (badness 10000) in paragraph at lines 93--94

 []


Underfull \hbox (badness 10000) in paragraph at lines 95--96

 []

[13]
Underfull \hbox (badness 10000) in paragraph at lines 118--119

 []


Underfull \hbox (badness 10000) in paragraph at lines 133--134

 []

[14]
Underfull \hbox (badness 10000) in paragraph at lines 139--140

 []

<kapitel3/images/idendity.png, id=401, 290.08376pt x 174.6525pt>
File: kapitel3/images/idendity.png Graphic file (type png)
<use kapitel3/images/idendity.png>
Package pdftex.def Info: kapitel3/images/idendity.png  used on input line 151.
(pdftex.def)             Requested size: 145.04152pt x 87.32603pt.

Overfull \hbox (14.77776pt too wide) in paragraph at lines 150--153
 []|[]| 
 []

<kapitel3/images/sigmoid.png, id=402, 276.03125pt x 183.68625pt>
File: kapitel3/images/sigmoid.png Graphic file (type png)
<use kapitel3/images/sigmoid.png>
Package pdftex.def Info: kapitel3/images/sigmoid.png  used on input line 157.
(pdftex.def)             Requested size: 138.01527pt x 91.84288pt.

Overfull \hbox (7.75151pt too wide) in paragraph at lines 156--159
 []|[]| 
 []

<kapitel3/images/relu.png, id=404, 193.72375pt x 146.5475pt>
File: kapitel3/images/relu.png Graphic file (type png)
<use kapitel3/images/relu.png>
Package pdftex.def Info: kapitel3/images/relu.png  used on input line 163.
(pdftex.def)             Requested size: 96.86163pt x 73.27356pt.

Overfull \hbox (10.74484pt too wide) in paragraph at lines 167--167
 []|[]| 
 []

<kapitel3/images/elu.jpg, id=406, 513.92pt x 328.22626pt>
File: kapitel3/images/elu.jpg Graphic file (type jpg)
<use kapitel3/images/elu.jpg>
Package pdftex.def Info: kapitel3/images/elu.jpg  used on input line 169.
(pdftex.def)             Requested size: 128.47968pt x 82.05635pt.

Overfull \hbox (3.45848pt too wide) in paragraph at lines 144--173
 [] 
 []


Underfull \hbox (badness 10000) in paragraph at lines 177--178

 []

[15 <./kapitel3/images/idendity.png> <./kapitel3/images/sigmoid.png> <./kapitel
3/images/relu.png> <./kapitel3/images/elu.jpg>] [16] [17]
Package acronym Info: Label `acro:mlp' newly defined as it shall be overridden
although it is yet undefined on input line 264.
<kapitel3/images/linear_classification.jpg, id=469, 451.6875pt x 456.95718pt>
File: kapitel3/images/linear_classification.jpg Graphic file (type jpg)
<use kapitel3/images/linear_classification.jpg>
Package pdftex.def Info: kapitel3/images/linear_classification.jpg  used on inp
ut line 271.
(pdftex.def)             Requested size: 125.47737pt x 126.94307pt.
<kapitel3/images/non_linear_classification.jpg, id=470, 455.45157pt x 456.95718
pt>
File: kapitel3/images/non_linear_classification.jpg Graphic file (type jpg)
<use kapitel3/images/non_linear_classification.jpg>
Package pdftex.def Info: kapitel3/images/non_linear_classification.jpg  used on
 input line 278.
(pdftex.def)             Requested size: 125.47737pt x 125.89021pt.
 [18]
Package acronym Info: Label `acro:cnns' newly defined as it shall be overridden

although it is yet undefined on input line 288.
<kapitel3/images/cnn.png, id=488, 1043.9pt x 321.2pt>
File: kapitel3/images/cnn.png Graphic file (type png)
<use kapitel3/images/cnn.png>
Package pdftex.def Info: kapitel3/images/cnn.png  used on input line 293.
(pdftex.def)             Requested size: 376.42575pt x 115.82304pt.
)
(./kapitel4/Vorgehensweise.tex [19 <./kapitel3/images/linear_classification.jpg
> <./kapitel3/images/non_linear_classification.jpg> <./kapitel3/images/cnn.png>
]
chapter 4.

Underfull \hbox (badness 10000) in paragraph at lines 5--6

 []


Underfull \hbox (badness 10000) in paragraph at lines 7--8

 []


Underfull \hbox (badness 10000) in paragraph at lines 9--10

 []

<kapitel4/images/drawio.png, id=512, 2052.66875pt x 4973.58125pt>
File: kapitel4/images/drawio.png Graphic file (type png)
<use kapitel4/images/drawio.png>
Package pdftex.def Info: kapitel4/images/drawio.png  used on input line 20.
(pdftex.def)             Requested size: 271.86234pt x 658.65488pt.
[20

]
Overfull \vbox (29.66339pt too high) has occurred while \output is active []


[21 <./kapitel4/images/drawio.png>]
Underfull \hbox (badness 10000) in paragraph at lines 28--29

 []


Underfull \hbox (badness 10000) in paragraph at lines 30--31

 []


Overfull \hbox (17.0pt too wide) in paragraph at lines 33--33
[][] 
 []


Underfull \hbox (badness 10000) in paragraph at lines 48--49

 []

[22]
Overfull \hbox (17.0pt too wide) in paragraph at lines 53--53
[][] 
 []

LaTeX Font Info:    Try loading font information for OML+cmss on input line 58.

LaTeX Font Info:    No file OMLcmss.fd. on input line 58.

LaTeX Font Warning: Font shape `OML/cmss/m/n' undefined
(Font)              using `OML/cmm/m/it' instead
(Font)              for symbol `textless' on input line 58.


Underfull \hbox (badness 10000) in paragraph at lines 72--73

 []


Underfull \hbox (badness 10000) in paragraph at lines 79--80

 []

[23]
<kapitel4/images/plots/pd-angles.png, id=561, 1339.1631pt x 696.6828pt>
File: kapitel4/images/plots/pd-angles.png Graphic file (type png)
<use kapitel4/images/plots/pd-angles.png>
Package pdftex.def Info: kapitel4/images/plots/pd-angles.png  used on input lin
e 85.
(pdftex.def)             Requested size: 209.12683pt x 108.79263pt.
<kapitel4/images/plots/pd-rand-angles.png, id=564, 1339.1631pt x 696.6828pt>
File: kapitel4/images/plots/pd-rand-angles.png Graphic file (type png)
<use kapitel4/images/plots/pd-rand-angles.png>
Package pdftex.def Info: kapitel4/images/plots/pd-rand-angles.png  used on inpu
t line 91.
(pdftex.def)             Requested size: 209.12683pt x 108.79263pt.
<kapitel4/images/plots/pd-distances.png, id=569, 1339.1631pt x 696.6828pt>
File: kapitel4/images/plots/pd-distances.png Graphic file (type png)
<use kapitel4/images/plots/pd-distances.png>
Package pdftex.def Info: kapitel4/images/plots/pd-distances.png  used on input 
line 104.
(pdftex.def)             Requested size: 209.12683pt x 108.79263pt.
<kapitel4/images/plots/pd-rand-distances.png, id=572, 1339.1631pt x 696.6828pt>

File: kapitel4/images/plots/pd-rand-distances.png Graphic file (type png)
<use kapitel4/images/plots/pd-rand-distances.png>
Package pdftex.def Info: kapitel4/images/plots/pd-rand-distances.png  used on i
nput line 110.
(pdftex.def)             Requested size: 209.12683pt x 108.79263pt.
<kapitel4/images/plots/tiles-pd.png, id=581, 462.528pt x 346.896pt>
File: kapitel4/images/plots/tiles-pd.png Graphic file (type png)
<use kapitel4/images/plots/tiles-pd.png>
Package pdftex.def Info: kapitel4/images/plots/tiles-pd.png  used on input line
 125.
(pdftex.def)             Requested size: 209.12683pt x 156.84808pt.
<kapitel4/images/plots/tiles-pd-rand.png, id=584, 462.528pt x 346.896pt>
File: kapitel4/images/plots/tiles-pd-rand.png Graphic file (type png)
<use kapitel4/images/plots/tiles-pd-rand.png>
Package pdftex.def Info: kapitel4/images/plots/tiles-pd-rand.png  used on input
 line 131.
(pdftex.def)             Requested size: 209.12683pt x 156.84808pt.
 [24 <./kapitel4/images/plots/pd-angles.png> <./kapitel4/images/plots/pd-rand-a
ngles.png> <./kapitel4/images/plots/pd-distances.png> <./kapitel4/images/plots/
pd-rand-distances.png>]
<kapitel4/images/plots/tiles-expert.png, id=602, 393.8715pt x 295.5843pt>
File: kapitel4/images/plots/tiles-expert.png Graphic file (type png)
<use kapitel4/images/plots/tiles-expert.png>
Package pdftex.def Info: kapitel4/images/plots/tiles-expert.png  used on input 
line 143.
(pdftex.def)             Requested size: 209.12683pt x 156.94307pt.
<kapitel4/images/plots/tiles-expert-rand.png, id=603, 462.528pt x 346.896pt>
File: kapitel4/images/plots/tiles-expert-rand.png Graphic file (type png)
<use kapitel4/images/plots/tiles-expert-rand.png>
Package pdftex.def Info: kapitel4/images/plots/tiles-expert-rand.png  used on i
nput line 149.
(pdftex.def)             Requested size: 209.12683pt x 156.84808pt.
<kapitel4/images/plots/expert-angular_velocities.png, id=607, 1339.1631pt x 696
.6828pt>
File: kapitel4/images/plots/expert-angular_velocities.png Graphic file (type pn
g)
<use kapitel4/images/plots/expert-angular_velocities.png>
Package pdftex.def Info: kapitel4/images/plots/expert-angular_velocities.png  u
sed on input line 167.
(pdftex.def)             Requested size: 209.12683pt x 108.79263pt.
<kapitel4/images/plots/expert-random-angular_velocities.png, id=608, 1339.1631p
t x 696.6828pt>
File: kapitel4/images/plots/expert-random-angular_velocities.png Graphic file (
type png)
<use kapitel4/images/plots/expert-random-angular_velocities.png>
Package pdftex.def Info: kapitel4/images/plots/expert-random-angular_velocities
.png  used on input line 173.
(pdftex.def)             Requested size: 209.12683pt x 108.79263pt.
 [25 <./kapitel4/images/plots/tiles-pd.png> <./kapitel4/images/plots/tiles-pd-r
and.png> <./kapitel4/images/plots/tiles-expert.png> <./kapitel4/images/plots/ti
les-expert-rand.png>]
Underfull \hbox (badness 10000) in paragraph at lines 182--184

 []

[26 <./kapitel4/images/plots/expert-angular_velocities.png> <./kapitel4/images/
plots/expert-random-angular_velocities.png>]
Underfull \hbox (badness 10000) in paragraph at lines 232--233

 []


Underfull \hbox (badness 10000) in paragraph at lines 238--239

 []

[27]) (./kapitel5/Ergebnisse.tex
chapter 5.
<kapitel5/images/tensorboard/single-loss/Loss-single-loss.png, id=654, 1151.502
pt x 321.2pt>
File: kapitel5/images/tensorboard/single-loss/Loss-single-loss.png Graphic file
 (type png)
<use kapitel5/images/tensorboard/single-loss/Loss-single-loss.png>
Package pdftex.def Info: kapitel5/images/tensorboard/single-loss/Loss-single-lo
ss.png  used on input line 37.
(pdftex.def)             Requested size: 418.25368pt x 116.66605pt.
[28]
<kapitel5/images/tensorboard/single-loss/Mean_Abs_Error_d-single-loss.png, id=6
67, 1151.502pt x 321.2pt>
File: kapitel5/images/tensorboard/single-loss/Mean_Abs_Error_d-single-loss.png 
Graphic file (type png)
<use kapitel5/images/tensorboard/single-loss/Mean_Abs_Error_d-single-loss.png>
Package pdftex.def Info: kapitel5/images/tensorboard/single-loss/Mean_Abs_Error
_d-single-loss.png  used on input line 44.
(pdftex.def)             Requested size: 418.25368pt x 116.66605pt.
<kapitel5/images/tensorboard/single-loss/Mean_Abs_Error_a-single-loss.png, id=6
72, 1151.502pt x 321.2pt>
File: kapitel5/images/tensorboard/single-loss/Mean_Abs_Error_a-single-loss.png 
Graphic file (type png)
<use kapitel5/images/tensorboard/single-loss/Mean_Abs_Error_a-single-loss.png>
Package pdftex.def Info: kapitel5/images/tensorboard/single-loss/Mean_Abs_Error
_a-single-loss.png  used on input line 51.
(pdftex.def)             Requested size: 418.25368pt x 116.66605pt.
<kapitel5/images/tensorboard/d-only/Loss-d-only.png, id=681, 1151.502pt x 321.2
pt>
File: kapitel5/images/tensorboard/d-only/Loss-d-only.png Graphic file (type png
)
<use kapitel5/images/tensorboard/d-only/Loss-d-only.png>
Package pdftex.def Info: kapitel5/images/tensorboard/d-only/Loss-d-only.png  us
ed on input line 79.
(pdftex.def)             Requested size: 418.25368pt x 116.66605pt.
 [29 <./kapitel5/images/tensorboard/single-loss/Loss-single-loss.png> <./kapite
l5/images/tensorboard/single-loss/Mean_Abs_Error_d-single-loss.png> <./kapitel5
/images/tensorboard/single-loss/Mean_Abs_Error_a-single-loss.png>]
<kapitel5/images/tensorboard/expert/Loss-expert.png, id=699, 1151.502pt x 321.2
pt>
File: kapitel5/images/tensorboard/expert/Loss-expert.png Graphic file (type png
)
<use kapitel5/images/tensorboard/expert/Loss-expert.png>
Package pdftex.def Info: kapitel5/images/tensorboard/expert/Loss-expert.png  us
ed on input line 117.
(pdftex.def)             Requested size: 418.25368pt x 116.66605pt.
 [30 <./kapitel5/images/tensorboard/d-only/Loss-d-only.png> <./kapitel5/images/
tensorboard/expert/Loss-expert.png>]
Underfull \hbox (badness 10000) in paragraph at lines 135--136

 []

[31]
<kapitel5/images/eval/single-loss/pd-distr.png, id=730, 607.7907pt x 344.0052pt
>
File: kapitel5/images/eval/single-loss/pd-distr.png Graphic file (type png)
<use kapitel5/images/eval/single-loss/pd-distr.png>
Package pdftex.def Info: kapitel5/images/eval/single-loss/pd-distr.png  used on
 input line 237.
(pdftex.def)             Requested size: 209.12683pt x 118.36172pt.
<kapitel5/images/eval/single-loss/pd-rand-distr.png, id=733, 633.8079pt x 346.8
96pt>
File: kapitel5/images/eval/single-loss/pd-rand-distr.png Graphic file (type png
)
<use kapitel5/images/eval/single-loss/pd-rand-distr.png>
Package pdftex.def Info: kapitel5/images/eval/single-loss/pd-rand-distr.png  us
ed on input line 243.
(pdftex.def)             Requested size: 209.12683pt x 114.46014pt.
<kapitel5/images/eval/single-loss/pd-concat-distr.png, id=736, 621.522pt x 341.
1144pt>
File: kapitel5/images/eval/single-loss/pd-concat-distr.png Graphic file (type p
ng)
<use kapitel5/images/eval/single-loss/pd-concat-distr.png>
Package pdftex.def Info: kapitel5/images/eval/single-loss/pd-concat-distr.png  
used on input line 249.
(pdftex.def)             Requested size: 209.12683pt x 114.775pt.
 [32 <./kapitel5/images/eval/single-loss/pd-distr.png> <./kapitel5/images/eval/
single-loss/pd-rand-distr.png> <./kapitel5/images/eval/single-loss/pd-concat-di
str.png>]
<kapitel5/images/eval/d-only/pd-distr.png, id=757, 462.528pt x 346.896pt>
File: kapitel5/images/eval/d-only/pd-distr.png Graphic file (type png)
<use kapitel5/images/eval/d-only/pd-distr.png>
Package pdftex.def Info: kapitel5/images/eval/d-only/pd-distr.png  used on inpu
t line 358.
(pdftex.def)             Requested size: 125.47737pt x 94.10779pt.
<kapitel5/images/eval/d-only/pd-rand-distr.png, id=760, 462.528pt x 346.896pt>
File: kapitel5/images/eval/d-only/pd-rand-distr.png Graphic file (type png)
<use kapitel5/images/eval/d-only/pd-rand-distr.png>
Package pdftex.def Info: kapitel5/images/eval/d-only/pd-rand-distr.png  used on
 input line 364.
(pdftex.def)             Requested size: 125.47737pt x 94.10779pt.
<kapitel5/images/eval/d-only/pd-concat-distr.png, id=763, 462.528pt x 346.896pt
>
File: kapitel5/images/eval/d-only/pd-concat-distr.png Graphic file (type png)
<use kapitel5/images/eval/d-only/pd-concat-distr.png>
Package pdftex.def Info: kapitel5/images/eval/d-only/pd-concat-distr.png  used 
on input line 370.
(pdftex.def)             Requested size: 125.47737pt x 94.10779pt.
 [33 <./kapitel5/images/eval/d-only/pd-distr.png> <./kapitel5/images/eval/d-onl
y/pd-rand-distr.png> <./kapitel5/images/eval/d-only/pd-concat-distr.png>]
<kapitel5/images/eval/expert/expert-distr.png, id=781, 462.528pt x 346.896pt>
File: kapitel5/images/eval/expert/expert-distr.png Graphic file (type png)
<use kapitel5/images/eval/expert/expert-distr.png>
Package pdftex.def Info: kapitel5/images/eval/expert/expert-distr.png  used on 
input line 477.
(pdftex.def)             Requested size: 167.2989pt x 125.4753pt.
<kapitel5/images/eval/expert/expert-rand-distr.png, id=782, 462.528pt x 346.896
pt>
File: kapitel5/images/eval/expert/expert-rand-distr.png Graphic file (type png)

<use kapitel5/images/eval/expert/expert-rand-distr.png>
Package pdftex.def Info: kapitel5/images/eval/expert/expert-rand-distr.png  use
d on input line 483.
(pdftex.def)             Requested size: 167.2989pt x 125.4753pt.
<kapitel5/images/eval/expert/expert-concat-distr.png, id=783, 462.528pt x 346.8
96pt>
File: kapitel5/images/eval/expert/expert-concat-distr.png Graphic file (type pn
g)
<use kapitel5/images/eval/expert/expert-concat-distr.png>
Package pdftex.def Info: kapitel5/images/eval/expert/expert-concat-distr.png  u
sed on input line 489.
(pdftex.def)             Requested size: 167.2989pt x 125.4753pt.
) (./kapitel6/Fazit.tex [34 <./kapitel5/images/eval/expert/expert-distr.png> <.
/kapitel5/images/eval/expert/expert-rand-distr.png> <./kapitel5/images/eval/exp
ert/expert-concat-distr.png>]
chapter 6.
[35

] [36]) [37] (./Dokumentation_Teamprojekt.lof)
\tf@lof=\write5
\openout5 = `Dokumentation_Teamprojekt.lof'.

 [38

]
(./Dokumentation_Teamprojekt.lol)
\tf@lol=\write6
\openout6 = `Dokumentation_Teamprojekt.lol'.

 (./Dokumentation_Teamprojekt.bbl [39

]
chapter without number

Underfull \hbox (badness 4981) in paragraph at lines 35--41
[]\OT1/cmr/m/n/10.95 Mathias Sau-er-mann.  Ma-chi-ne Lear-ning: 3 KI-Lernverfah
ren auf einen
 []


Underfull \hbox (badness 3179) in paragraph at lines 35--41
\OT1/cmr/m/n/10.95 Blick.  []$\OT1/cmtt/m/n/10.95 https : / / der -[] onliner .
 blogspot . com / 2019 / 07 / machinelles -[] lernen -[]
 []


Underfull \hbox (badness 10000) in paragraph at lines 58--64
[]$\OT1/cmtt/m/n/10.95 https : / / divis . io / 2019 / 04 / ki -[] leicht -[] e
rklaert -[] teil -[] 4 -[] die -[] grundlagen -[]
 []


Underfull \hbox (badness 1221) in paragraph at lines 72--77
[]\OT1/cmr/m/n/10.95 ai uni-ted.de.  Ak-ti-vie-rungs-funk-tio-nen, ih-re Ar-ten
 und Ver-wen-dungsm[]oglich-
 []


Underfull \hbox (badness 4181) in paragraph at lines 85--90
[]\OT1/cmr/m/n/10.95 Lucas Plag-witz.  Nu-me-ri-sche Op-ti-mie-rung f[]ur De-ep
 Lear-ning Al-go-rith-
 []

[40

])
Package atveryend Info: Empty hook `BeforeClearDocument' on input line 39.
 [41]
Package atveryend Info: Empty hook `AfterLastShipout' on input line 39.
 (./Dokumentation_Teamprojekt.aux (./htwg/cover.aux))
Package atveryend Info: Executing hook `AtVeryEndDocument' on input line 39.
Package atveryend Info: Executing hook `AtEndAfterFileList' on input line 39.
Package rerunfilecheck Info: File `Dokumentation_Teamprojekt.out' has not chang
ed.
(rerunfilecheck)             Checksum: D41D8CD98F00B204E9800998ECF8427E;0.


LaTeX Font Warning: Some font shapes were not available, defaults substituted.

Package atveryend Info: Empty hook `AtVeryVeryEnd' on input line 39.
 ) 
Here is how much of TeX's memory you used:
 24185 strings out of 492615
 420139 string characters out of 6131389
 823555 words of memory out of 5000000
 27545 multiletter control sequences out of 15000+600000
 541726 words of font info for 57 fonts, out of 8000000 for 9000
 1141 hyphenation exceptions out of 8191
 58i,25n,78p,9104b,1439s stack positions out of 5000i,500n,10000p,200000b,80000s
</usr/share/texlive/texmf-dist/fonts/type1/public/amsfonts/cm/cmbx10.pfb></us
r/share/texlive/texmf-dist/fonts/type1/public/amsfonts/cm/cmbx12.pfb></usr/shar
e/texlive/texmf-dist/fonts/type1/public/amsfonts/cm/cmex10.pfb></usr/share/texl
ive/texmf-dist/fonts/type1/public/amsfonts/cmextra/cmex8.pfb></usr/share/texliv
e/texmf-dist/fonts/type1/public/amsfonts/cm/cmmi10.pfb></usr/share/texlive/texm
f-dist/fonts/type1/public/amsfonts/cm/cmmi6.pfb></usr/share/texlive/texmf-dist/
fonts/type1/public/amsfonts/cm/cmmi8.pfb></usr/share/texlive/texmf-dist/fonts/t
ype1/public/amsfonts/cm/cmr10.pfb></usr/share/texlive/texmf-dist/fonts/type1/pu
blic/amsfonts/cm/cmr6.pfb></usr/share/texlive/texmf-dist/fonts/type1/public/ams
fonts/cm/cmr8.pfb></usr/share/texlive/texmf-dist/fonts/type1/public/amsfonts/cm
/cmr9.pfb></usr/share/texlive/texmf-dist/fonts/type1/public/amsfonts/cm/cmsl10.
pfb></usr/share/texlive/texmf-dist/fonts/type1/public/amsfonts/cm/cmss10.pfb></
usr/share/texlive/texmf-dist/fonts/type1/public/amsfonts/cm/cmssbx10.pfb></usr/
share/texlive/texmf-dist/fonts/type1/public/amsfonts/cm/cmssi10.pfb></usr/share
/texlive/texmf-dist/fonts/type1/public/amsfonts/cm/cmsy10.pfb></usr/share/texli
ve/texmf-dist/fonts/type1/public/amsfonts/cm/cmsy6.pfb></usr/share/texlive/texm
f-dist/fonts/type1/public/amsfonts/cm/cmsy8.pfb></usr/share/texlive/texmf-dist/
fonts/type1/public/amsfonts/cm/cmti10.pfb></usr/share/texlive/texmf-dist/fonts/
type1/public/amsfonts/cm/cmtt10.pfb></usr/share/texlive/texmf-dist/fonts/type1/
public/amsfonts/cm/cmtt9.pfb>
Output written on Dokumentation_Teamprojekt.pdf (45 pages, 8824237 bytes).
PDF statistics:
 1214 PDF objects out of 1440 (max. 8388607)
 989 compressed objects within 10 object streams
 238 named destinations out of 1000 (max. 500000)
 715 words of extra memory for PDF output out of 10000 (max. 10000000)

